01:59:17.158 [ApplicationImpl pooled thread 70] INFO  c.b.l.BrowserStackRunExtension - maven
01:59:17.162 [ApplicationImpl pooled thread 70] INFO  com.browserstack.utils.Helpers - null
02:38:09.633 [ApplicationImpl pooled thread 140] INFO  c.b.l.BrowserStackRunExtension - testng
02:38:09.634 [ApplicationImpl pooled thread 140] INFO  com.browserstack.utils.Helpers - null
02:38:09.637 [ApplicationImpl pooled thread 140] INFO  c.b.l.BrowserStackRunExtension - Agent path: null
02:39:34.051 [ApplicationImpl pooled thread 133] INFO  c.b.l.BrowserStackRunExtension - testng
02:39:34.051 [ApplicationImpl pooled thread 133] INFO  com.browserstack.utils.Helpers - null
02:39:34.053 [ApplicationImpl pooled thread 133] INFO  c.b.l.BrowserStackRunExtension - Agent path: null
03:07:04.042 [ApplicationImpl pooled thread 172] INFO  c.b.l.BrowserStackRunExtension - testng
03:07:04.042 [ApplicationImpl pooled thread 172] INFO  com.browserstack.utils.Helpers - null
03:07:04.044 [ApplicationImpl pooled thread 172] INFO  c.b.l.BrowserStackRunExtension - Agent path: null
03:07:41.491 [ApplicationImpl pooled thread 164] INFO  c.b.l.BrowserStackRunExtension - testng
03:07:41.491 [ApplicationImpl pooled thread 164] INFO  com.browserstack.utils.Helpers - null
03:07:41.493 [ApplicationImpl pooled thread 164] INFO  c.b.l.BrowserStackRunExtension - Agent path: null
03:36:24.985 [ApplicationImpl pooled thread 185] INFO  c.b.l.BrowserStackRunExtension - testng
03:36:24.986 [ApplicationImpl pooled thread 185] INFO  com.browserstack.utils.Helpers - null
03:36:24.987 [ApplicationImpl pooled thread 185] INFO  c.b.l.BrowserStackRunExtension - Agent path: null
03:38:14.078 [ApplicationImpl pooled thread 196] INFO  c.b.l.BrowserStackRunExtension - testng
03:38:14.078 [ApplicationImpl pooled thread 196] INFO  com.browserstack.utils.Helpers - null
03:38:14.079 [ApplicationImpl pooled thread 196] INFO  c.b.l.BrowserStackRunExtension - Agent path: null
03:39:27.818 [ApplicationImpl pooled thread 185] INFO  c.b.l.BrowserStackRunExtension - testng
03:39:27.819 [ApplicationImpl pooled thread 185] INFO  com.browserstack.utils.Helpers - null
03:39:27.820 [ApplicationImpl pooled thread 185] INFO  c.b.l.BrowserStackRunExtension - Agent path: null
03:49:35.780 [ApplicationImpl pooled thread 203] INFO  c.b.l.BrowserStackRunExtension - testng
03:49:35.780 [ApplicationImpl pooled thread 203] INFO  com.browserstack.utils.Helpers - null
03:49:35.781 [ApplicationImpl pooled thread 203] INFO  c.b.l.BrowserStackRunExtension - Agent path: null
03:50:43.992 [ApplicationImpl pooled thread 203] INFO  c.b.l.BrowserStackRunExtension - testng
03:50:43.992 [ApplicationImpl pooled thread 203] INFO  com.browserstack.utils.Helpers - null
03:50:43.994 [ApplicationImpl pooled thread 203] INFO  c.b.l.BrowserStackRunExtension - Agent path: null
03:55:41.747 [ApplicationImpl pooled thread 203] INFO  c.b.l.BrowserStackRunExtension - testng
03:55:41.747 [ApplicationImpl pooled thread 203] INFO  com.browserstack.utils.Helpers - null
03:55:41.748 [ApplicationImpl pooled thread 203] INFO  c.b.l.BrowserStackRunExtension - Agent path: null
03:56:17.987 [ApplicationImpl pooled thread 209] INFO  c.b.l.BrowserStackRunExtension - testng
03:56:17.988 [ApplicationImpl pooled thread 209] INFO  com.browserstack.utils.Helpers - null
03:56:17.988 [ApplicationImpl pooled thread 209] INFO  c.b.l.BrowserStackRunExtension - Agent path: null
03:59:26.438 [ApplicationImpl pooled thread 208] INFO  c.b.l.BrowserStackRunExtension - testng
03:59:26.438 [ApplicationImpl pooled thread 208] INFO  com.browserstack.utils.Helpers - null
03:59:26.439 [ApplicationImpl pooled thread 208] INFO  c.b.l.BrowserStackRunExtension - Agent path: null
04:07:39.522 [ApplicationImpl pooled thread 214] INFO  c.b.l.BrowserStackRunExtension - testng
04:07:39.522 [ApplicationImpl pooled thread 214] INFO  com.browserstack.utils.Helpers - null
04:07:39.523 [ApplicationImpl pooled thread 214] INFO  c.b.l.BrowserStackRunExtension - Agent path: null
04:34:45.465 [ApplicationImpl pooled thread 231] INFO  c.b.l.BrowserStackRunExtension - testng
04:34:45.465 [ApplicationImpl pooled thread 231] INFO  com.browserstack.utils.Helpers - null
04:34:45.466 [ApplicationImpl pooled thread 231] INFO  c.b.l.BrowserStackRunExtension - Agent path: null
05:12:34.543 [ApplicationImpl pooled thread 263] INFO  c.b.l.BrowserStackRunExtension - testng
05:12:34.543 [ApplicationImpl pooled thread 263] INFO  com.browserstack.utils.Helpers - null
05:12:34.544 [ApplicationImpl pooled thread 263] INFO  c.b.l.BrowserStackRunExtension - Agent path: null
05:14:11.043 [ApplicationImpl pooled thread 234] INFO  c.b.l.BrowserStackRunExtension - testng
05:14:11.043 [ApplicationImpl pooled thread 234] INFO  com.browserstack.utils.Helpers - null
05:14:11.044 [ApplicationImpl pooled thread 234] INFO  c.b.l.BrowserStackRunExtension - Agent path: null
05:14:44.784 [ApplicationImpl pooled thread 264] INFO  c.b.l.BrowserStackRunExtension - testng
05:14:44.784 [ApplicationImpl pooled thread 264] INFO  com.browserstack.utils.Helpers - null
05:14:44.786 [ApplicationImpl pooled thread 264] INFO  c.b.l.BrowserStackRunExtension - Agent path: null
15:47:34.059 [ApplicationImpl pooled thread 313] INFO  c.b.l.BrowserStackRunExtension - testng
15:47:34.059 [ApplicationImpl pooled thread 313] INFO  com.browserstack.utils.Helpers - null
15:47:34.060 [ApplicationImpl pooled thread 313] INFO  c.b.l.BrowserStackRunExtension - Agent path: null
15:52:09.561 [ApplicationImpl pooled thread 323] INFO  c.b.l.BrowserStackRunExtension - testng
15:52:09.561 [ApplicationImpl pooled thread 323] INFO  com.browserstack.utils.Helpers - null
15:52:09.563 [ApplicationImpl pooled thread 323] INFO  c.b.l.BrowserStackRunExtension - Agent path: null
15:53:12.218 [ApplicationImpl pooled thread 320] INFO  c.b.l.BrowserStackRunExtension - testng
15:53:12.219 [ApplicationImpl pooled thread 320] INFO  com.browserstack.utils.Helpers - null
15:53:12.219 [ApplicationImpl pooled thread 320] INFO  c.b.l.BrowserStackRunExtension - Agent path: null
16:00:36.542 [ApplicationImpl pooled thread 331] INFO  c.b.l.BrowserStackRunExtension - testng
16:00:36.543 [ApplicationImpl pooled thread 331] INFO  com.browserstack.utils.Helpers - null
16:00:36.544 [ApplicationImpl pooled thread 331] INFO  c.b.l.BrowserStackRunExtension - Agent path: null
16:01:17.894 [ApplicationImpl pooled thread 328] INFO  c.b.l.BrowserStackRunExtension - testng
16:01:17.895 [ApplicationImpl pooled thread 328] INFO  com.browserstack.utils.Helpers - null
16:01:17.896 [ApplicationImpl pooled thread 328] INFO  c.b.l.BrowserStackRunExtension - Agent path: null
16:02:06.588 [ApplicationImpl pooled thread 327] INFO  c.b.l.BrowserStackRunExtension - testng
16:02:06.588 [ApplicationImpl pooled thread 327] INFO  com.browserstack.utils.Helpers - null
16:02:06.590 [ApplicationImpl pooled thread 327] INFO  c.b.l.BrowserStackRunExtension - Agent path: null
16:05:26.194 [ApplicationImpl pooled thread 338] INFO  c.b.l.BrowserStackRunExtension - testng
16:05:26.194 [ApplicationImpl pooled thread 338] INFO  com.browserstack.utils.Helpers - null
16:05:26.194 [ApplicationImpl pooled thread 338] INFO  c.b.l.BrowserStackRunExtension - Agent path: null
16:07:16.837 [ApplicationImpl pooled thread 338] INFO  c.b.l.BrowserStackRunExtension - testng
16:07:16.838 [ApplicationImpl pooled thread 338] INFO  com.browserstack.utils.Helpers - null
16:07:16.838 [ApplicationImpl pooled thread 338] INFO  c.b.l.BrowserStackRunExtension - Agent path: null
16:08:03.913 [ApplicationImpl pooled thread 338] INFO  c.b.l.BrowserStackRunExtension - testng
16:08:03.914 [ApplicationImpl pooled thread 338] INFO  com.browserstack.utils.Helpers - null
16:08:03.917 [ApplicationImpl pooled thread 338] INFO  c.b.l.BrowserStackRunExtension - Agent path: null
16:09:19.323 [ApplicationImpl pooled thread 339] INFO  c.b.l.BrowserStackRunExtension - testng
16:09:19.324 [ApplicationImpl pooled thread 339] INFO  com.browserstack.utils.Helpers - null
16:09:19.324 [ApplicationImpl pooled thread 339] INFO  c.b.l.BrowserStackRunExtension - Agent path: null
16:10:05.436 [ApplicationImpl pooled thread 344] INFO  c.b.l.BrowserStackRunExtension - testng
16:10:05.437 [ApplicationImpl pooled thread 344] INFO  com.browserstack.utils.Helpers - null
16:10:05.438 [ApplicationImpl pooled thread 344] INFO  c.b.l.BrowserStackRunExtension - Agent path: null
16:10:27.946 [ApplicationImpl pooled thread 339] INFO  c.b.l.BrowserStackRunExtension - testng
16:10:27.947 [ApplicationImpl pooled thread 339] INFO  com.browserstack.utils.Helpers - null
16:10:27.949 [ApplicationImpl pooled thread 339] INFO  c.b.l.BrowserStackRunExtension - Agent path: null
16:11:18.855 [ApplicationImpl pooled thread 339] INFO  c.b.l.BrowserStackRunExtension - testng
16:11:18.856 [ApplicationImpl pooled thread 339] INFO  com.browserstack.utils.Helpers - null
16:11:18.857 [ApplicationImpl pooled thread 339] INFO  c.b.l.BrowserStackRunExtension - Agent path: null
16:12:59.941 [ApplicationImpl pooled thread 336] INFO  c.b.l.BrowserStackRunExtension - testng
16:12:59.942 [ApplicationImpl pooled thread 336] INFO  com.browserstack.utils.Helpers - null
16:12:59.943 [ApplicationImpl pooled thread 336] INFO  c.b.l.BrowserStackRunExtension - Agent path: null
16:13:52.650 [ApplicationImpl pooled thread 345] INFO  c.b.l.BrowserStackRunExtension - testng
16:13:52.651 [ApplicationImpl pooled thread 345] INFO  com.browserstack.utils.Helpers - null
16:13:52.652 [ApplicationImpl pooled thread 345] INFO  c.b.l.BrowserStackRunExtension - Agent path: null
16:14:19.868 [ApplicationImpl pooled thread 336] INFO  c.b.l.BrowserStackRunExtension - testng
16:14:19.868 [ApplicationImpl pooled thread 336] INFO  com.browserstack.utils.Helpers - null
16:14:19.870 [ApplicationImpl pooled thread 336] INFO  c.b.l.BrowserStackRunExtension - Agent path: null
16:15:43.520 [ApplicationImpl pooled thread 344] INFO  c.b.l.BrowserStackRunExtension - testng
16:15:43.521 [ApplicationImpl pooled thread 344] INFO  com.browserstack.utils.Helpers - null
16:15:43.523 [ApplicationImpl pooled thread 344] INFO  c.b.l.BrowserStackRunExtension - Agent path: null
16:16:52.918 [ApplicationImpl pooled thread 344] INFO  c.b.l.BrowserStackRunExtension - testng
16:16:52.919 [ApplicationImpl pooled thread 344] INFO  com.browserstack.utils.Helpers - null
16:16:52.921 [ApplicationImpl pooled thread 344] INFO  c.b.l.BrowserStackRunExtension - Agent path: null
16:17:50.937 [ApplicationImpl pooled thread 351] INFO  c.b.l.BrowserStackRunExtension - testng
16:17:50.937 [ApplicationImpl pooled thread 351] INFO  com.browserstack.utils.Helpers - null
16:17:50.938 [ApplicationImpl pooled thread 351] INFO  c.b.l.BrowserStackRunExtension - Agent path: null
16:24:36.153 [ApplicationImpl pooled thread 361] INFO  c.b.l.BrowserStackRunExtension - testng
16:24:36.153 [ApplicationImpl pooled thread 361] INFO  com.browserstack.utils.Helpers - null
16:24:36.153 [ApplicationImpl pooled thread 361] INFO  c.b.l.BrowserStackRunExtension - Agent path: null
16:37:52.376 [ApplicationImpl pooled thread 372] INFO  c.b.l.BrowserStackRunExtension - testng
16:37:52.376 [ApplicationImpl pooled thread 372] INFO  com.browserstack.utils.Helpers - null
16:37:52.377 [ApplicationImpl pooled thread 372] INFO  c.b.l.BrowserStackRunExtension - Agent path: null
16:38:37.824 [ApplicationImpl pooled thread 375] INFO  c.b.l.BrowserStackRunExtension - testng
16:38:37.825 [ApplicationImpl pooled thread 375] INFO  com.browserstack.utils.Helpers - null
16:38:37.826 [ApplicationImpl pooled thread 375] INFO  c.b.l.BrowserStackRunExtension - Agent path: null
16:39:58.288 [ApplicationImpl pooled thread 374] INFO  c.b.l.BrowserStackRunExtension - testng
16:39:58.289 [ApplicationImpl pooled thread 374] INFO  com.browserstack.utils.Helpers - null
16:39:58.290 [ApplicationImpl pooled thread 374] INFO  c.b.l.BrowserStackRunExtension - Agent path: null
16:40:53.302 [ApplicationImpl pooled thread 370] INFO  c.b.l.BrowserStackRunExtension - testng
16:40:53.302 [ApplicationImpl pooled thread 370] INFO  com.browserstack.utils.Helpers - null
16:40:53.303 [ApplicationImpl pooled thread 370] INFO  c.b.l.BrowserStackRunExtension - Agent path: null
16:42:38.931 [ApplicationImpl pooled thread 365] INFO  c.b.l.BrowserStackRunExtension - testng
16:42:38.932 [ApplicationImpl pooled thread 365] INFO  com.browserstack.utils.Helpers - null
16:42:38.933 [ApplicationImpl pooled thread 365] INFO  c.b.l.BrowserStackRunExtension - Agent path: null
16:44:18.401 [ApplicationImpl pooled thread 375] INFO  c.b.l.BrowserStackRunExtension - testng
16:44:18.401 [ApplicationImpl pooled thread 375] INFO  com.browserstack.utils.Helpers - null
16:44:18.403 [ApplicationImpl pooled thread 375] INFO  c.b.l.BrowserStackRunExtension - Agent path: null
16:44:48.625 [ApplicationImpl pooled thread 378] INFO  c.b.l.BrowserStackRunExtension - testng
16:44:48.626 [ApplicationImpl pooled thread 378] INFO  com.browserstack.utils.Helpers - null
16:44:48.627 [ApplicationImpl pooled thread 378] INFO  c.b.l.BrowserStackRunExtension - Agent path: null
16:45:45.763 [ApplicationImpl pooled thread 384] INFO  c.b.l.BrowserStackRunExtension - testng
16:45:45.763 [ApplicationImpl pooled thread 384] INFO  com.browserstack.utils.Helpers - null
16:45:45.765 [ApplicationImpl pooled thread 384] INFO  c.b.l.BrowserStackRunExtension - Agent path: null
16:46:32.410 [ApplicationImpl pooled thread 380] INFO  c.b.l.BrowserStackRunExtension - testng
16:46:32.410 [ApplicationImpl pooled thread 380] INFO  com.browserstack.utils.Helpers - null
16:46:32.411 [ApplicationImpl pooled thread 380] INFO  c.b.l.BrowserStackRunExtension - Agent path: null
16:56:27.979 [ApplicationImpl pooled thread 370] INFO  c.b.l.BrowserStackRunExtension - testng
16:56:27.979 [ApplicationImpl pooled thread 370] INFO  com.browserstack.utils.Helpers - null
16:56:27.980 [ApplicationImpl pooled thread 370] INFO  c.b.l.BrowserStackRunExtension - Agent path: null
16:58:26.485 [ApplicationImpl pooled thread 393] INFO  c.b.l.BrowserStackRunExtension - testng
16:58:26.486 [ApplicationImpl pooled thread 393] INFO  com.browserstack.utils.Helpers - null
16:58:26.487 [ApplicationImpl pooled thread 393] INFO  c.b.l.BrowserStackRunExtension - Agent path: null
16:59:13.180 [ApplicationImpl pooled thread 389] INFO  c.b.l.BrowserStackRunExtension - testng
16:59:13.180 [ApplicationImpl pooled thread 389] INFO  com.browserstack.utils.Helpers - null
16:59:13.182 [ApplicationImpl pooled thread 389] INFO  c.b.l.BrowserStackRunExtension - Agent path: null
17:01:00.036 [ApplicationImpl pooled thread 396] INFO  c.b.l.BrowserStackRunExtension - testng
17:01:00.036 [ApplicationImpl pooled thread 396] INFO  com.browserstack.utils.Helpers - null
17:01:00.037 [ApplicationImpl pooled thread 396] INFO  c.b.l.BrowserStackRunExtension - Agent path: null
17:01:50.868 [ApplicationImpl pooled thread 391] INFO  c.b.l.BrowserStackRunExtension - testng
17:01:50.869 [ApplicationImpl pooled thread 391] INFO  com.browserstack.utils.Helpers - null
17:01:50.871 [ApplicationImpl pooled thread 391] INFO  c.b.l.BrowserStackRunExtension - Agent path: null
02:01:19.755 [ApplicationImpl pooled thread 439] INFO  c.b.l.BrowserStackRunExtension - testng
02:01:19.755 [ApplicationImpl pooled thread 439] INFO  com.browserstack.utils.Helpers - null
02:01:19.756 [ApplicationImpl pooled thread 439] INFO  c.b.l.BrowserStackRunExtension - Agent path: null
02:03:25.733 [ApplicationImpl pooled thread 449] INFO  c.b.l.BrowserStackRunExtension - testng
02:03:25.733 [ApplicationImpl pooled thread 449] INFO  com.browserstack.utils.Helpers - null
02:03:25.734 [ApplicationImpl pooled thread 449] INFO  c.b.l.BrowserStackRunExtension - Agent path: null
02:07:41.974 [ApplicationImpl pooled thread 452] INFO  c.b.l.BrowserStackRunExtension - testng
02:07:41.975 [ApplicationImpl pooled thread 452] INFO  com.browserstack.utils.Helpers - null
02:07:41.975 [ApplicationImpl pooled thread 452] INFO  c.b.l.BrowserStackRunExtension - Agent path: null
02:09:55.889 [ApplicationImpl pooled thread 457] INFO  c.b.l.BrowserStackRunExtension - testng
02:09:55.889 [ApplicationImpl pooled thread 457] INFO  com.browserstack.utils.Helpers - null
02:09:55.890 [ApplicationImpl pooled thread 457] INFO  c.b.l.BrowserStackRunExtension - Agent path: null
02:11:43.075 [ApplicationImpl pooled thread 458] INFO  c.b.l.BrowserStackRunExtension - testng
02:11:43.075 [ApplicationImpl pooled thread 458] INFO  com.browserstack.utils.Helpers - null
02:11:43.076 [ApplicationImpl pooled thread 458] INFO  c.b.l.BrowserStackRunExtension - Agent path: null
02:29:52.177 [ApplicationImpl pooled thread 480] INFO  c.b.l.BrowserStackRunExtension - testng
02:29:52.177 [ApplicationImpl pooled thread 480] INFO  com.browserstack.utils.Helpers - null
02:29:52.178 [ApplicationImpl pooled thread 480] INFO  c.b.l.BrowserStackRunExtension - Agent path: null
02:30:55.908 [ApplicationImpl pooled thread 492] INFO  c.b.l.BrowserStackRunExtension - testng
02:30:55.908 [ApplicationImpl pooled thread 492] INFO  com.browserstack.utils.Helpers - null
02:30:55.910 [ApplicationImpl pooled thread 492] INFO  c.b.l.BrowserStackRunExtension - Agent path: null
02:31:39.356 [ApplicationImpl pooled thread 492] INFO  c.b.l.BrowserStackRunExtension - testng
02:31:39.356 [ApplicationImpl pooled thread 492] INFO  com.browserstack.utils.Helpers - null
02:31:39.357 [ApplicationImpl pooled thread 492] INFO  c.b.l.BrowserStackRunExtension - Agent path: null
02:34:28.256 [ApplicationImpl pooled thread 489] INFO  c.b.l.BrowserStackRunExtension - testng
02:34:28.257 [ApplicationImpl pooled thread 489] INFO  com.browserstack.utils.Helpers - null
02:34:28.257 [ApplicationImpl pooled thread 489] INFO  c.b.l.BrowserStackRunExtension - Agent path: null
02:35:20.046 [ApplicationImpl pooled thread 497] INFO  c.b.l.BrowserStackRunExtension - testng
02:35:20.046 [ApplicationImpl pooled thread 497] INFO  com.browserstack.utils.Helpers - null
02:35:20.048 [ApplicationImpl pooled thread 497] INFO  c.b.l.BrowserStackRunExtension - Agent path: null
02:41:40.836 [ApplicationImpl pooled thread 492] INFO  c.b.l.BrowserStackRunExtension - testng
02:41:40.836 [ApplicationImpl pooled thread 492] INFO  com.browserstack.utils.Helpers - null
02:41:40.837 [ApplicationImpl pooled thread 492] INFO  c.b.l.BrowserStackRunExtension - Agent path: null
02:49:48.596 [ApplicationImpl pooled thread 498] INFO  c.b.l.BrowserStackRunExtension - testng
02:49:48.597 [ApplicationImpl pooled thread 498] INFO  com.browserstack.utils.Helpers - null
02:49:48.597 [ApplicationImpl pooled thread 498] INFO  c.b.l.BrowserStackRunExtension - Agent path: null
02:50:43.908 [ApplicationImpl pooled thread 505] INFO  c.b.l.BrowserStackRunExtension - testng
02:50:43.908 [ApplicationImpl pooled thread 505] INFO  com.browserstack.utils.Helpers - null
02:50:43.909 [ApplicationImpl pooled thread 505] INFO  c.b.l.BrowserStackRunExtension - Agent path: null
02:55:09.028 [ApplicationImpl pooled thread 498] INFO  c.b.l.BrowserStackRunExtension - testng
02:55:09.029 [ApplicationImpl pooled thread 498] INFO  com.browserstack.utils.Helpers - null
02:55:09.032 [ApplicationImpl pooled thread 498] INFO  c.b.l.BrowserStackRunExtension - Agent path: null
02:59:24.218 [ApplicationImpl pooled thread 498] INFO  c.b.l.BrowserStackRunExtension - testng
02:59:24.218 [ApplicationImpl pooled thread 498] INFO  com.browserstack.utils.Helpers - null
02:59:24.220 [ApplicationImpl pooled thread 498] INFO  c.b.l.BrowserStackRunExtension - Agent path: null
03:01:10.714 [ApplicationImpl pooled thread 519] INFO  c.b.l.BrowserStackRunExtension - testng
03:01:10.715 [ApplicationImpl pooled thread 519] INFO  com.browserstack.utils.Helpers - null
03:01:10.715 [ApplicationImpl pooled thread 519] INFO  c.b.l.BrowserStackRunExtension - Agent path: null
03:07:32.446 [ApplicationImpl pooled thread 525] INFO  c.b.l.BrowserStackRunExtension - testng
03:07:32.446 [ApplicationImpl pooled thread 525] INFO  com.browserstack.utils.Helpers - null
03:07:32.447 [ApplicationImpl pooled thread 525] INFO  c.b.l.BrowserStackRunExtension - Agent path: null
03:09:46.251 [ApplicationImpl pooled thread 509] INFO  c.b.l.BrowserStackRunExtension - testng
03:09:46.251 [ApplicationImpl pooled thread 509] INFO  com.browserstack.utils.Helpers - null
03:09:46.252 [ApplicationImpl pooled thread 509] INFO  c.b.l.BrowserStackRunExtension - Agent path: null
03:10:13.550 [ApplicationImpl pooled thread 532] INFO  c.b.l.BrowserStackRunExtension - testng
03:10:13.550 [ApplicationImpl pooled thread 532] INFO  com.browserstack.utils.Helpers - null
03:10:13.552 [ApplicationImpl pooled thread 532] INFO  c.b.l.BrowserStackRunExtension - Agent path: null
03:11:31.960 [ApplicationImpl pooled thread 532] INFO  c.b.l.BrowserStackRunExtension - testng
03:11:31.960 [ApplicationImpl pooled thread 532] INFO  com.browserstack.utils.Helpers - null
03:11:31.961 [ApplicationImpl pooled thread 532] INFO  c.b.l.BrowserStackRunExtension - Agent path: null
03:14:41.322 [ApplicationImpl pooled thread 520] INFO  c.b.l.BrowserStackRunExtension - testng
03:14:41.322 [ApplicationImpl pooled thread 520] INFO  com.browserstack.utils.Helpers - null
03:14:41.323 [ApplicationImpl pooled thread 520] INFO  c.b.l.BrowserStackRunExtension - Agent path: null
03:17:06.150 [ApplicationImpl pooled thread 541] INFO  c.b.l.BrowserStackRunExtension - testng
03:17:06.151 [ApplicationImpl pooled thread 541] INFO  com.browserstack.utils.Helpers - null
03:17:06.152 [ApplicationImpl pooled thread 541] INFO  c.b.l.BrowserStackRunExtension - Agent path: null
03:18:09.277 [ApplicationImpl pooled thread 539] INFO  c.b.l.BrowserStackRunExtension - testng
03:18:09.277 [ApplicationImpl pooled thread 539] INFO  com.browserstack.utils.Helpers - null
03:18:09.278 [ApplicationImpl pooled thread 539] INFO  c.b.l.BrowserStackRunExtension - Agent path: null
03:18:39.432 [ApplicationImpl pooled thread 539] INFO  c.b.l.BrowserStackRunExtension - testng
03:18:39.433 [ApplicationImpl pooled thread 539] INFO  com.browserstack.utils.Helpers - null
03:18:39.433 [ApplicationImpl pooled thread 539] INFO  c.b.l.BrowserStackRunExtension - Agent path: null
03:21:51.963 [ApplicationImpl pooled thread 509] INFO  c.b.l.BrowserStackRunExtension - testng
03:21:51.964 [ApplicationImpl pooled thread 509] INFO  com.browserstack.utils.Helpers - null
03:21:51.964 [ApplicationImpl pooled thread 509] INFO  c.b.l.BrowserStackRunExtension - Agent path: null
03:23:19.984 [ApplicationImpl pooled thread 547] INFO  c.b.l.BrowserStackRunExtension - testng
03:23:19.984 [ApplicationImpl pooled thread 547] INFO  com.browserstack.utils.Helpers - null
03:23:19.985 [ApplicationImpl pooled thread 547] INFO  c.b.l.BrowserStackRunExtension - Agent path: null
03:28:45.937 [ApplicationImpl pooled thread 551] INFO  c.b.l.BrowserStackRunExtension - testng
03:28:45.937 [ApplicationImpl pooled thread 551] INFO  com.browserstack.utils.Helpers - null
03:28:45.939 [ApplicationImpl pooled thread 551] INFO  c.b.l.BrowserStackRunExtension - Agent path: null
03:29:22.335 [ApplicationImpl pooled thread 544] INFO  c.b.l.BrowserStackRunExtension - testng
03:29:22.336 [ApplicationImpl pooled thread 544] INFO  com.browserstack.utils.Helpers - null
03:29:22.337 [ApplicationImpl pooled thread 544] INFO  c.b.l.BrowserStackRunExtension - Agent path: null
03:41:09.008 [ApplicationImpl pooled thread 557] INFO  c.b.l.BrowserStackRunExtension - testng
03:41:09.009 [ApplicationImpl pooled thread 557] INFO  com.browserstack.utils.Helpers - null
03:41:09.012 [ApplicationImpl pooled thread 557] INFO  c.b.l.BrowserStackRunExtension - Agent path: null
03:42:38.012 [ApplicationImpl pooled thread 555] INFO  c.b.l.BrowserStackRunExtension - testng
03:42:38.013 [ApplicationImpl pooled thread 555] INFO  com.browserstack.utils.Helpers - null
03:42:38.013 [ApplicationImpl pooled thread 555] INFO  c.b.l.BrowserStackRunExtension - Agent path: null
03:43:42.811 [ApplicationImpl pooled thread 560] INFO  c.b.l.BrowserStackRunExtension - testng
03:43:42.811 [ApplicationImpl pooled thread 560] INFO  com.browserstack.utils.Helpers - null
03:43:42.812 [ApplicationImpl pooled thread 560] INFO  c.b.l.BrowserStackRunExtension - Agent path: null
03:56:33.700 [ApplicationImpl pooled thread 577] INFO  c.b.l.BrowserStackRunExtension - testng
03:56:33.700 [ApplicationImpl pooled thread 577] INFO  com.browserstack.utils.Helpers - null
03:56:33.700 [ApplicationImpl pooled thread 577] INFO  c.b.l.BrowserStackRunExtension - Agent path: null
03:57:12.366 [ApplicationImpl pooled thread 582] INFO  c.b.l.BrowserStackRunExtension - testng
03:57:12.366 [ApplicationImpl pooled thread 582] INFO  com.browserstack.utils.Helpers - null
03:57:12.368 [ApplicationImpl pooled thread 582] INFO  c.b.l.BrowserStackRunExtension - Agent path: null
03:58:25.617 [ApplicationImpl pooled thread 580] INFO  c.b.l.BrowserStackRunExtension - testng
03:58:25.617 [ApplicationImpl pooled thread 580] INFO  com.browserstack.utils.Helpers - null
03:58:25.617 [ApplicationImpl pooled thread 580] INFO  c.b.l.BrowserStackRunExtension - Agent path: null
03:59:34.084 [ApplicationImpl pooled thread 584] INFO  c.b.l.BrowserStackRunExtension - testng
03:59:34.085 [ApplicationImpl pooled thread 584] INFO  com.browserstack.utils.Helpers - null
03:59:34.086 [ApplicationImpl pooled thread 584] INFO  c.b.l.BrowserStackRunExtension - Agent path: null
04:00:36.803 [ApplicationImpl pooled thread 584] INFO  c.b.l.BrowserStackRunExtension - testng
04:00:36.803 [ApplicationImpl pooled thread 584] INFO  com.browserstack.utils.Helpers - null
04:00:36.804 [ApplicationImpl pooled thread 584] INFO  c.b.l.BrowserStackRunExtension - Agent path: null
04:01:33.698 [ApplicationImpl pooled thread 588] INFO  c.b.l.BrowserStackRunExtension - testng
04:01:33.699 [ApplicationImpl pooled thread 588] INFO  com.browserstack.utils.Helpers - null
04:01:33.702 [ApplicationImpl pooled thread 588] INFO  c.b.l.BrowserStackRunExtension - Agent path: null
04:11:52.797 [ApplicationImpl pooled thread 590] INFO  c.b.l.BrowserStackRunExtension - testng
04:11:52.797 [ApplicationImpl pooled thread 590] INFO  com.browserstack.utils.Helpers - null
04:11:52.799 [ApplicationImpl pooled thread 590] INFO  c.b.l.BrowserStackRunExtension - Agent path: null
04:16:46.844 [ApplicationImpl pooled thread 597] INFO  c.b.l.BrowserStackRunExtension - testng
04:16:46.844 [ApplicationImpl pooled thread 597] INFO  com.browserstack.utils.Helpers - null
04:16:46.845 [ApplicationImpl pooled thread 597] INFO  c.b.l.BrowserStackRunExtension - Agent path: null
04:17:47.715 [ApplicationImpl pooled thread 597] INFO  c.b.l.BrowserStackRunExtension - testng
04:17:47.715 [ApplicationImpl pooled thread 597] INFO  com.browserstack.utils.Helpers - null
04:17:47.715 [ApplicationImpl pooled thread 597] INFO  c.b.l.BrowserStackRunExtension - Agent path: null
04:24:16.606 [ApplicationImpl pooled thread 599] INFO  c.b.l.BrowserStackRunExtension - testng
04:24:16.606 [ApplicationImpl pooled thread 599] INFO  com.browserstack.utils.Helpers - null
04:24:16.607 [ApplicationImpl pooled thread 599] INFO  c.b.l.BrowserStackRunExtension - Agent path: null
04:43:41.877 [ApplicationImpl pooled thread 632] INFO  c.b.l.BrowserStackRunExtension - testng
04:43:41.878 [ApplicationImpl pooled thread 632] INFO  com.browserstack.utils.Helpers - null
04:43:41.878 [ApplicationImpl pooled thread 632] INFO  c.b.l.BrowserStackRunExtension - Agent path: null
04:46:19.871 [ApplicationImpl pooled thread 634] INFO  c.b.l.BrowserStackRunExtension - testng
04:46:19.871 [ApplicationImpl pooled thread 634] INFO  com.browserstack.utils.Helpers - null
04:46:19.872 [ApplicationImpl pooled thread 634] INFO  c.b.l.BrowserStackRunExtension - Agent path: null
04:46:54.196 [ApplicationImpl pooled thread 641] INFO  c.b.l.BrowserStackRunExtension - testng
04:46:54.196 [ApplicationImpl pooled thread 641] INFO  com.browserstack.utils.Helpers - null
04:46:54.198 [ApplicationImpl pooled thread 641] INFO  c.b.l.BrowserStackRunExtension - Agent path: null
04:47:26.947 [ApplicationImpl pooled thread 634] INFO  c.b.l.BrowserStackRunExtension - testng
04:47:26.948 [ApplicationImpl pooled thread 634] INFO  com.browserstack.utils.Helpers - null
04:47:26.949 [ApplicationImpl pooled thread 634] INFO  c.b.l.BrowserStackRunExtension - Agent path: null
04:58:00.242 [ApplicationImpl pooled thread 646] INFO  c.b.l.BrowserStackRunExtension - testng
04:58:00.243 [ApplicationImpl pooled thread 646] INFO  com.browserstack.utils.Helpers - null
04:58:00.244 [ApplicationImpl pooled thread 646] INFO  c.b.l.BrowserStackRunExtension - Agent path: null
04:59:47.344 [ApplicationImpl pooled thread 646] INFO  c.b.l.BrowserStackRunExtension - testng
04:59:47.345 [ApplicationImpl pooled thread 646] INFO  com.browserstack.utils.Helpers - null
04:59:47.345 [ApplicationImpl pooled thread 646] INFO  c.b.l.BrowserStackRunExtension - Agent path: null
05:03:28.610 [ApplicationImpl pooled thread 641] INFO  c.b.l.BrowserStackRunExtension - testng
05:03:28.611 [ApplicationImpl pooled thread 641] INFO  com.browserstack.utils.Helpers - null
05:03:28.611 [ApplicationImpl pooled thread 641] INFO  c.b.l.BrowserStackRunExtension - Agent path: null
05:06:07.963 [ApplicationImpl pooled thread 649] INFO  c.b.l.BrowserStackRunExtension - testng
05:06:07.963 [ApplicationImpl pooled thread 649] INFO  com.browserstack.utils.Helpers - null
05:06:07.964 [ApplicationImpl pooled thread 649] INFO  c.b.l.BrowserStackRunExtension - Agent path: null
05:11:36.225 [ApplicationImpl pooled thread 662] INFO  c.b.l.BrowserStackRunExtension - testng
05:11:36.225 [ApplicationImpl pooled thread 662] INFO  com.browserstack.utils.Helpers - null
05:11:36.226 [ApplicationImpl pooled thread 662] INFO  c.b.l.BrowserStackRunExtension - Agent path: null
05:12:39.747 [ApplicationImpl pooled thread 637] INFO  c.b.l.BrowserStackRunExtension - testng
05:12:39.747 [ApplicationImpl pooled thread 637] INFO  com.browserstack.utils.Helpers - null
05:12:39.748 [ApplicationImpl pooled thread 637] INFO  c.b.l.BrowserStackRunExtension - Agent path: null
05:13:18.186 [ApplicationImpl pooled thread 661] INFO  c.b.l.BrowserStackRunExtension - testng
05:13:18.186 [ApplicationImpl pooled thread 661] INFO  com.browserstack.utils.Helpers - null
05:13:18.188 [ApplicationImpl pooled thread 661] INFO  c.b.l.BrowserStackRunExtension - Agent path: null
05:13:41.180 [ApplicationImpl pooled thread 665] INFO  c.b.l.BrowserStackRunExtension - testng
05:13:41.180 [ApplicationImpl pooled thread 665] INFO  com.browserstack.utils.Helpers - null
05:13:41.181 [ApplicationImpl pooled thread 665] INFO  c.b.l.BrowserStackRunExtension - Agent path: null
05:14:08.429 [ApplicationImpl pooled thread 637] INFO  c.b.l.BrowserStackRunExtension - testng
05:14:08.429 [ApplicationImpl pooled thread 637] INFO  com.browserstack.utils.Helpers - null
05:14:08.430 [ApplicationImpl pooled thread 637] INFO  c.b.l.BrowserStackRunExtension - Agent path: null
17:41:46.129 [ApplicationImpl pooled thread 718] INFO  c.b.l.BrowserStackRunExtension - testng
17:41:46.129 [ApplicationImpl pooled thread 718] INFO  com.browserstack.utils.Helpers - null
17:41:46.129 [ApplicationImpl pooled thread 718] INFO  c.b.l.BrowserStackRunExtension - Agent path: null
17:42:12.717 [ApplicationImpl pooled thread 719] INFO  c.b.l.BrowserStackRunExtension - testng
17:42:12.717 [ApplicationImpl pooled thread 719] INFO  com.browserstack.utils.Helpers - null
17:42:12.719 [ApplicationImpl pooled thread 719] INFO  c.b.l.BrowserStackRunExtension - Agent path: null
17:42:16.846 [ApplicationImpl pooled thread 717] INFO  c.b.l.BrowserStackRunExtension - testng
17:42:16.846 [ApplicationImpl pooled thread 717] INFO  com.browserstack.utils.Helpers - null
17:42:16.848 [ApplicationImpl pooled thread 717] INFO  c.b.l.BrowserStackRunExtension - Agent path: null
17:43:29.490 [ApplicationImpl pooled thread 715] INFO  c.b.l.BrowserStackRunExtension - testng
17:43:29.490 [ApplicationImpl pooled thread 715] INFO  com.browserstack.utils.Helpers - null
17:43:29.491 [ApplicationImpl pooled thread 715] INFO  c.b.l.BrowserStackRunExtension - Agent path: null
17:55:20.906 [ApplicationImpl pooled thread 736] INFO  c.b.l.BrowserStackRunExtension - testng
17:55:20.906 [ApplicationImpl pooled thread 736] INFO  com.browserstack.utils.Helpers - null
17:55:20.908 [ApplicationImpl pooled thread 736] INFO  c.b.l.BrowserStackRunExtension - Agent path: null
17:56:51.593 [ApplicationImpl pooled thread 728] INFO  c.b.l.BrowserStackRunExtension - testng
17:56:51.593 [ApplicationImpl pooled thread 728] INFO  com.browserstack.utils.Helpers - null
17:56:51.594 [ApplicationImpl pooled thread 728] INFO  c.b.l.BrowserStackRunExtension - Agent path: null
18:00:40.135 [ApplicationImpl pooled thread 726] INFO  c.b.l.BrowserStackRunExtension - testng
18:00:40.135 [ApplicationImpl pooled thread 726] INFO  com.browserstack.utils.Helpers - null
18:00:40.136 [ApplicationImpl pooled thread 726] INFO  c.b.l.BrowserStackRunExtension - Agent path: null
18:04:59.198 [ApplicationImpl pooled thread 742] INFO  c.b.l.BrowserStackRunExtension - testng
18:04:59.198 [ApplicationImpl pooled thread 742] INFO  com.browserstack.utils.Helpers - null
18:04:59.199 [ApplicationImpl pooled thread 742] INFO  c.b.l.BrowserStackRunExtension - Agent path: null
18:07:28.060 [ApplicationImpl pooled thread 749] INFO  c.b.l.BrowserStackRunExtension - testng
18:07:28.060 [ApplicationImpl pooled thread 749] INFO  com.browserstack.utils.Helpers - null
18:07:28.060 [ApplicationImpl pooled thread 749] INFO  c.b.l.BrowserStackRunExtension - Agent path: null
18:10:24.840 [ApplicationImpl pooled thread 756] INFO  c.b.l.BrowserStackRunExtension - testng
18:10:24.840 [ApplicationImpl pooled thread 756] INFO  com.browserstack.utils.Helpers - null
18:10:24.841 [ApplicationImpl pooled thread 756] INFO  c.b.l.BrowserStackRunExtension - Agent path: null
18:11:58.973 [ApplicationImpl pooled thread 759] INFO  c.b.l.BrowserStackRunExtension - testng
18:11:58.973 [ApplicationImpl pooled thread 759] INFO  com.browserstack.utils.Helpers - null
18:11:58.974 [ApplicationImpl pooled thread 759] INFO  c.b.l.BrowserStackRunExtension - Agent path: null
18:19:29.667 [ApplicationImpl pooled thread 768] INFO  c.b.l.BrowserStackRunExtension - testng
18:19:29.667 [ApplicationImpl pooled thread 768] INFO  com.browserstack.utils.Helpers - null
18:19:29.669 [ApplicationImpl pooled thread 768] INFO  c.b.l.BrowserStackRunExtension - Agent path: null
18:20:01.123 [ApplicationImpl pooled thread 765] INFO  c.b.l.BrowserStackRunExtension - testng
18:20:01.123 [ApplicationImpl pooled thread 765] INFO  com.browserstack.utils.Helpers - null
18:20:01.124 [ApplicationImpl pooled thread 765] INFO  c.b.l.BrowserStackRunExtension - Agent path: null
18:20:03.527 [ApplicationImpl pooled thread 770] INFO  c.b.l.BrowserStackRunExtension - testng
18:20:03.527 [ApplicationImpl pooled thread 770] INFO  com.browserstack.utils.Helpers - null
18:20:03.528 [ApplicationImpl pooled thread 770] INFO  c.b.l.BrowserStackRunExtension - Agent path: null
18:20:47.297 [ApplicationImpl pooled thread 765] INFO  c.b.l.BrowserStackRunExtension - testng
18:20:47.297 [ApplicationImpl pooled thread 765] INFO  com.browserstack.utils.Helpers - null
18:20:47.298 [ApplicationImpl pooled thread 765] INFO  c.b.l.BrowserStackRunExtension - Agent path: null
18:35:17.959 [ApplicationImpl pooled thread 781] INFO  c.b.l.BrowserStackRunExtension - testng
18:35:17.960 [ApplicationImpl pooled thread 781] INFO  com.browserstack.utils.Helpers - null
18:35:17.960 [ApplicationImpl pooled thread 781] INFO  c.b.l.BrowserStackRunExtension - Agent path: null
18:41:04.131 [ApplicationImpl pooled thread 778] INFO  c.b.l.BrowserStackRunExtension - testng
18:41:04.131 [ApplicationImpl pooled thread 778] INFO  com.browserstack.utils.Helpers - null
18:41:04.132 [ApplicationImpl pooled thread 778] INFO  c.b.l.BrowserStackRunExtension - Agent path: null
18:53:12.514 [ApplicationImpl pooled thread 807] INFO  c.b.l.BrowserStackRunExtension - testng
18:53:12.515 [ApplicationImpl pooled thread 807] INFO  com.browserstack.utils.Helpers - null
18:53:12.516 [ApplicationImpl pooled thread 807] INFO  c.b.l.BrowserStackRunExtension - Agent path: null
18:53:59.790 [ApplicationImpl pooled thread 805] INFO  c.b.l.BrowserStackRunExtension - testng
18:53:59.790 [ApplicationImpl pooled thread 805] INFO  com.browserstack.utils.Helpers - null
18:53:59.791 [ApplicationImpl pooled thread 805] INFO  c.b.l.BrowserStackRunExtension - Agent path: null
18:54:49.655 [ApplicationImpl pooled thread 808] INFO  c.b.l.BrowserStackRunExtension - testng
18:54:49.655 [ApplicationImpl pooled thread 808] INFO  com.browserstack.utils.Helpers - null
18:54:49.656 [ApplicationImpl pooled thread 808] INFO  c.b.l.BrowserStackRunExtension - Agent path: null
18:55:21.358 [ApplicationImpl pooled thread 805] INFO  c.b.l.BrowserStackRunExtension - testng
18:55:21.358 [ApplicationImpl pooled thread 805] INFO  com.browserstack.utils.Helpers - null
18:55:21.361 [ApplicationImpl pooled thread 805] INFO  c.b.l.BrowserStackRunExtension - Agent path: null
19:03:09.440 [ApplicationImpl pooled thread 816] INFO  c.b.l.BrowserStackRunExtension - testng
19:03:09.440 [ApplicationImpl pooled thread 816] INFO  com.browserstack.utils.Helpers - null
19:03:09.441 [ApplicationImpl pooled thread 816] INFO  c.b.l.BrowserStackRunExtension - Agent path: null
19:07:44.394 [ApplicationImpl pooled thread 819] INFO  c.b.l.BrowserStackRunExtension - testng
19:07:44.395 [ApplicationImpl pooled thread 819] INFO  com.browserstack.utils.Helpers - null
19:07:44.396 [ApplicationImpl pooled thread 819] INFO  c.b.l.BrowserStackRunExtension - Agent path: null
19:08:26.891 [ApplicationImpl pooled thread 817] INFO  c.b.l.BrowserStackRunExtension - testng
19:08:26.891 [ApplicationImpl pooled thread 817] INFO  com.browserstack.utils.Helpers - null
19:08:26.892 [ApplicationImpl pooled thread 817] INFO  c.b.l.BrowserStackRunExtension - Agent path: null
19:08:46.278 [ApplicationImpl pooled thread 817] INFO  c.b.l.BrowserStackRunExtension - testng
19:08:46.279 [ApplicationImpl pooled thread 817] INFO  com.browserstack.utils.Helpers - null
19:08:46.280 [ApplicationImpl pooled thread 817] INFO  c.b.l.BrowserStackRunExtension - Agent path: null
19:11:16.775 [ApplicationImpl pooled thread 822] INFO  c.b.l.BrowserStackRunExtension - testng
19:11:16.775 [ApplicationImpl pooled thread 822] INFO  com.browserstack.utils.Helpers - null
19:11:16.776 [ApplicationImpl pooled thread 822] INFO  c.b.l.BrowserStackRunExtension - Agent path: null
19:11:46.333 [ApplicationImpl pooled thread 814] INFO  c.b.l.BrowserStackRunExtension - testng
19:11:46.333 [ApplicationImpl pooled thread 814] INFO  com.browserstack.utils.Helpers - null
19:11:46.335 [ApplicationImpl pooled thread 814] INFO  c.b.l.BrowserStackRunExtension - Agent path: null
22:17:48.630 [ApplicationImpl pooled thread 861] INFO  c.b.l.BrowserStackRunExtension - testng
22:17:48.630 [ApplicationImpl pooled thread 861] INFO  com.browserstack.utils.Helpers - null
22:17:48.631 [ApplicationImpl pooled thread 861] INFO  c.b.l.BrowserStackRunExtension - Agent path: null
22:19:06.823 [ApplicationImpl pooled thread 861] INFO  c.b.l.BrowserStackRunExtension - testng
22:19:06.824 [ApplicationImpl pooled thread 861] INFO  com.browserstack.utils.Helpers - null
22:19:06.825 [ApplicationImpl pooled thread 861] INFO  c.b.l.BrowserStackRunExtension - Agent path: null
22:23:26.696 [ApplicationImpl pooled thread 855] INFO  c.b.l.BrowserStackRunExtension - testng
22:23:26.697 [ApplicationImpl pooled thread 855] INFO  com.browserstack.utils.Helpers - null
22:23:26.698 [ApplicationImpl pooled thread 855] INFO  c.b.l.BrowserStackRunExtension - Agent path: null
22:24:01.531 [ApplicationImpl pooled thread 862] INFO  c.b.l.BrowserStackRunExtension - testng
22:24:01.531 [ApplicationImpl pooled thread 862] INFO  com.browserstack.utils.Helpers - null
22:24:01.533 [ApplicationImpl pooled thread 862] INFO  c.b.l.BrowserStackRunExtension - Agent path: null
22:24:43.706 [ApplicationImpl pooled thread 837] INFO  c.b.l.BrowserStackRunExtension - testng
22:24:43.706 [ApplicationImpl pooled thread 837] INFO  com.browserstack.utils.Helpers - null
22:24:43.707 [ApplicationImpl pooled thread 837] INFO  c.b.l.BrowserStackRunExtension - Agent path: null
22:25:20.572 [ApplicationImpl pooled thread 837] INFO  c.b.l.BrowserStackRunExtension - testng
22:25:20.572 [ApplicationImpl pooled thread 837] INFO  com.browserstack.utils.Helpers - null
22:25:20.573 [ApplicationImpl pooled thread 837] INFO  c.b.l.BrowserStackRunExtension - Agent path: null
22:27:19.252 [ApplicationImpl pooled thread 837] INFO  c.b.l.BrowserStackRunExtension - testng
22:27:19.252 [ApplicationImpl pooled thread 837] INFO  com.browserstack.utils.Helpers - null
22:27:19.253 [ApplicationImpl pooled thread 837] INFO  c.b.l.BrowserStackRunExtension - Agent path: null
22:35:24.772 [ApplicationImpl pooled thread 872] INFO  c.b.l.BrowserStackRunExtension - testng
22:35:24.773 [ApplicationImpl pooled thread 872] INFO  com.browserstack.utils.Helpers - null
22:35:24.774 [ApplicationImpl pooled thread 872] INFO  c.b.l.BrowserStackRunExtension - Agent path: null
22:35:58.339 [ApplicationImpl pooled thread 887] INFO  c.b.l.BrowserStackRunExtension - testng
22:35:58.340 [ApplicationImpl pooled thread 887] INFO  com.browserstack.utils.Helpers - null
22:35:58.341 [ApplicationImpl pooled thread 887] INFO  c.b.l.BrowserStackRunExtension - Agent path: null
22:36:53.939 [ApplicationImpl pooled thread 881] INFO  c.b.l.BrowserStackRunExtension - testng
22:36:53.939 [ApplicationImpl pooled thread 881] INFO  com.browserstack.utils.Helpers - null
22:36:53.940 [ApplicationImpl pooled thread 881] INFO  c.b.l.BrowserStackRunExtension - Agent path: null
22:40:56.315 [ApplicationImpl pooled thread 890] INFO  c.b.l.BrowserStackRunExtension - testng
22:40:56.315 [ApplicationImpl pooled thread 890] INFO  com.browserstack.utils.Helpers - null
22:40:56.316 [ApplicationImpl pooled thread 890] INFO  c.b.l.BrowserStackRunExtension - Agent path: null
22:41:35.293 [ApplicationImpl pooled thread 878] INFO  c.b.l.BrowserStackRunExtension - testng
22:41:35.293 [ApplicationImpl pooled thread 878] INFO  com.browserstack.utils.Helpers - null
22:41:35.293 [ApplicationImpl pooled thread 878] INFO  c.b.l.BrowserStackRunExtension - Agent path: null
22:42:45.246 [ApplicationImpl pooled thread 892] INFO  c.b.l.BrowserStackRunExtension - testng
22:42:45.246 [ApplicationImpl pooled thread 892] INFO  com.browserstack.utils.Helpers - null
22:42:45.247 [ApplicationImpl pooled thread 892] INFO  c.b.l.BrowserStackRunExtension - Agent path: null
22:43:30.241 [ApplicationImpl pooled thread 893] INFO  c.b.l.BrowserStackRunExtension - testng
22:43:30.241 [ApplicationImpl pooled thread 893] INFO  com.browserstack.utils.Helpers - null
22:43:30.243 [ApplicationImpl pooled thread 893] INFO  c.b.l.BrowserStackRunExtension - Agent path: null
22:57:10.540 [ApplicationImpl pooled thread 905] INFO  c.b.l.BrowserStackRunExtension - testng
22:57:10.540 [ApplicationImpl pooled thread 905] INFO  com.browserstack.utils.Helpers - null
22:57:10.541 [ApplicationImpl pooled thread 905] INFO  c.b.l.BrowserStackRunExtension - Agent path: null
22:59:15.822 [ApplicationImpl pooled thread 907] INFO  c.b.l.BrowserStackRunExtension - testng
22:59:15.823 [ApplicationImpl pooled thread 907] INFO  com.browserstack.utils.Helpers - null
22:59:15.826 [ApplicationImpl pooled thread 907] INFO  c.b.l.BrowserStackRunExtension - Agent path: null
23:00:06.584 [ApplicationImpl pooled thread 898] INFO  c.b.l.BrowserStackRunExtension - testng
23:00:06.584 [ApplicationImpl pooled thread 898] INFO  com.browserstack.utils.Helpers - null
23:00:06.585 [ApplicationImpl pooled thread 898] INFO  c.b.l.BrowserStackRunExtension - Agent path: null
23:06:18.353 [ApplicationImpl pooled thread 915] INFO  c.b.l.BrowserStackRunExtension - testng
23:06:18.354 [ApplicationImpl pooled thread 915] INFO  com.browserstack.utils.Helpers - null
23:06:18.355 [ApplicationImpl pooled thread 915] INFO  c.b.l.BrowserStackRunExtension - Agent path: null
23:08:13.499 [ApplicationImpl pooled thread 914] INFO  c.b.l.BrowserStackRunExtension - testng
23:08:13.499 [ApplicationImpl pooled thread 914] INFO  com.browserstack.utils.Helpers - null
23:08:13.500 [ApplicationImpl pooled thread 914] INFO  c.b.l.BrowserStackRunExtension - Agent path: null
23:09:37.720 [ApplicationImpl pooled thread 914] INFO  c.b.l.BrowserStackRunExtension - testng
23:09:37.721 [ApplicationImpl pooled thread 914] INFO  com.browserstack.utils.Helpers - null
23:09:37.722 [ApplicationImpl pooled thread 914] INFO  c.b.l.BrowserStackRunExtension - Agent path: null
23:14:25.583 [ApplicationImpl pooled thread 920] INFO  c.b.l.BrowserStackRunExtension - testng
23:14:25.584 [ApplicationImpl pooled thread 920] INFO  com.browserstack.utils.Helpers - null
23:14:25.584 [ApplicationImpl pooled thread 920] INFO  c.b.l.BrowserStackRunExtension - Agent path: null
23:16:14.060 [ApplicationImpl pooled thread 923] INFO  c.b.l.BrowserStackRunExtension - testng
23:16:14.061 [ApplicationImpl pooled thread 923] INFO  com.browserstack.utils.Helpers - null
23:16:14.064 [ApplicationImpl pooled thread 923] INFO  c.b.l.BrowserStackRunExtension - Agent path: null
23:17:00.310 [ApplicationImpl pooled thread 924] INFO  c.b.l.BrowserStackRunExtension - testng
23:17:00.311 [ApplicationImpl pooled thread 924] INFO  com.browserstack.utils.Helpers - null
23:17:00.311 [ApplicationImpl pooled thread 924] INFO  c.b.l.BrowserStackRunExtension - Agent path: null
03:11:23.094 [ApplicationImpl pooled thread 926] INFO  c.b.l.BrowserStackRunExtension - testng
03:11:23.095 [ApplicationImpl pooled thread 926] INFO  com.browserstack.utils.Helpers - null
03:11:23.096 [ApplicationImpl pooled thread 926] INFO  c.b.l.BrowserStackRunExtension - Agent path: null
03:11:57.357 [ApplicationImpl pooled thread 933] INFO  c.b.l.BrowserStackRunExtension - testng
03:11:57.358 [ApplicationImpl pooled thread 933] INFO  com.browserstack.utils.Helpers - null
03:11:57.359 [ApplicationImpl pooled thread 933] INFO  c.b.l.BrowserStackRunExtension - Agent path: null
03:12:52.438 [ApplicationImpl pooled thread 935] INFO  c.b.l.BrowserStackRunExtension - testng
03:12:52.438 [ApplicationImpl pooled thread 935] INFO  com.browserstack.utils.Helpers - null
03:12:52.439 [ApplicationImpl pooled thread 935] INFO  c.b.l.BrowserStackRunExtension - Agent path: null
03:15:19.847 [ApplicationImpl pooled thread 928] INFO  c.b.l.BrowserStackRunExtension - testng
03:15:19.847 [ApplicationImpl pooled thread 928] INFO  com.browserstack.utils.Helpers - null
03:15:19.848 [ApplicationImpl pooled thread 928] INFO  c.b.l.BrowserStackRunExtension - Agent path: null
03:35:13.257 [ApplicationImpl pooled thread 956] INFO  c.b.l.BrowserStackRunExtension - testng
03:35:13.257 [ApplicationImpl pooled thread 956] INFO  com.browserstack.utils.Helpers - null
03:35:13.259 [ApplicationImpl pooled thread 956] INFO  c.b.l.BrowserStackRunExtension - Agent path: null
03:36:12.146 [ApplicationImpl pooled thread 959] INFO  c.b.l.BrowserStackRunExtension - testng
03:36:12.146 [ApplicationImpl pooled thread 959] INFO  com.browserstack.utils.Helpers - null
03:36:12.147 [ApplicationImpl pooled thread 959] INFO  c.b.l.BrowserStackRunExtension - Agent path: null
03:36:59.237 [ApplicationImpl pooled thread 952] INFO  c.b.l.BrowserStackRunExtension - testng
03:36:59.238 [ApplicationImpl pooled thread 952] INFO  com.browserstack.utils.Helpers - null
03:36:59.238 [ApplicationImpl pooled thread 952] INFO  c.b.l.BrowserStackRunExtension - Agent path: null
03:40:29.726 [ApplicationImpl pooled thread 948] INFO  c.b.l.BrowserStackRunExtension - testng
03:40:29.726 [ApplicationImpl pooled thread 948] INFO  com.browserstack.utils.Helpers - null
03:40:29.727 [ApplicationImpl pooled thread 948] INFO  c.b.l.BrowserStackRunExtension - Agent path: null
03:41:54.823 [ApplicationImpl pooled thread 955] INFO  c.b.l.BrowserStackRunExtension - testng
03:41:54.823 [ApplicationImpl pooled thread 955] INFO  com.browserstack.utils.Helpers - null
03:41:54.824 [ApplicationImpl pooled thread 955] INFO  c.b.l.BrowserStackRunExtension - Agent path: null
03:42:38.089 [ApplicationImpl pooled thread 956] INFO  c.b.l.BrowserStackRunExtension - testng
03:42:38.090 [ApplicationImpl pooled thread 956] INFO  com.browserstack.utils.Helpers - null
03:42:38.091 [ApplicationImpl pooled thread 956] INFO  c.b.l.BrowserStackRunExtension - Agent path: null
03:43:09.969 [ApplicationImpl pooled thread 960] INFO  c.b.l.BrowserStackRunExtension - testng
03:43:09.969 [ApplicationImpl pooled thread 960] INFO  com.browserstack.utils.Helpers - null
03:43:09.971 [ApplicationImpl pooled thread 960] INFO  c.b.l.BrowserStackRunExtension - Agent path: null
04:19:55.200 [ApplicationImpl pooled thread 994] INFO  c.b.l.BrowserStackRunExtension - testng
04:19:55.200 [ApplicationImpl pooled thread 994] INFO  com.browserstack.utils.Helpers - null
04:19:55.201 [ApplicationImpl pooled thread 994] INFO  c.b.l.BrowserStackRunExtension - Agent path: null
04:45:23.604 [ApplicationImpl pooled thread 1030] INFO  c.b.l.BrowserStackRunExtension - testng
04:45:23.604 [ApplicationImpl pooled thread 1030] INFO  com.browserstack.utils.Helpers - null
04:45:23.605 [ApplicationImpl pooled thread 1030] INFO  c.b.l.BrowserStackRunExtension - Agent path: null
04:46:09.001 [ApplicationImpl pooled thread 1030] INFO  c.b.l.BrowserStackRunExtension - testng
04:46:09.001 [ApplicationImpl pooled thread 1030] INFO  com.browserstack.utils.Helpers - null
04:46:09.002 [ApplicationImpl pooled thread 1030] INFO  c.b.l.BrowserStackRunExtension - Agent path: null
04:49:29.877 [ApplicationImpl pooled thread 1030] INFO  c.b.l.BrowserStackRunExtension - testng
04:49:29.879 [ApplicationImpl pooled thread 1030] INFO  com.browserstack.utils.Helpers - null
04:49:29.882 [ApplicationImpl pooled thread 1030] INFO  c.b.l.BrowserStackRunExtension - Agent path: null
04:54:26.063 [ApplicationImpl pooled thread 1045] INFO  c.b.l.BrowserStackRunExtension - testng
04:54:26.063 [ApplicationImpl pooled thread 1045] INFO  com.browserstack.utils.Helpers - null
04:54:26.063 [ApplicationImpl pooled thread 1045] INFO  c.b.l.BrowserStackRunExtension - Agent path: null
04:55:17.274 [ApplicationImpl pooled thread 1050] INFO  c.b.l.BrowserStackRunExtension - testng
04:55:17.274 [ApplicationImpl pooled thread 1050] INFO  com.browserstack.utils.Helpers - null
04:55:17.274 [ApplicationImpl pooled thread 1050] INFO  c.b.l.BrowserStackRunExtension - Agent path: null
04:55:52.586 [ApplicationImpl pooled thread 1048] INFO  c.b.l.BrowserStackRunExtension - testng
04:55:52.586 [ApplicationImpl pooled thread 1048] INFO  com.browserstack.utils.Helpers - null
04:55:52.587 [ApplicationImpl pooled thread 1048] INFO  c.b.l.BrowserStackRunExtension - Agent path: null
04:57:47.818 [ApplicationImpl pooled thread 1030] INFO  c.b.l.BrowserStackRunExtension - testng
04:57:47.818 [ApplicationImpl pooled thread 1030] INFO  com.browserstack.utils.Helpers - null
04:57:47.819 [ApplicationImpl pooled thread 1030] INFO  c.b.l.BrowserStackRunExtension - Agent path: null
05:01:21.622 [ApplicationImpl pooled thread 1057] INFO  c.b.l.BrowserStackRunExtension - testng
05:01:21.623 [ApplicationImpl pooled thread 1057] INFO  com.browserstack.utils.Helpers - null
05:01:21.624 [ApplicationImpl pooled thread 1057] INFO  c.b.l.BrowserStackRunExtension - Agent path: null
05:02:41.153 [ApplicationImpl pooled thread 1059] INFO  c.b.l.BrowserStackRunExtension - testng
05:02:41.153 [ApplicationImpl pooled thread 1059] INFO  com.browserstack.utils.Helpers - null
05:02:41.154 [ApplicationImpl pooled thread 1059] INFO  c.b.l.BrowserStackRunExtension - Agent path: null
05:03:31.984 [ApplicationImpl pooled thread 1058] INFO  c.b.l.BrowserStackRunExtension - testng
05:03:31.984 [ApplicationImpl pooled thread 1058] INFO  com.browserstack.utils.Helpers - null
05:03:31.984 [ApplicationImpl pooled thread 1058] INFO  c.b.l.BrowserStackRunExtension - Agent path: null
05:06:23.521 [ApplicationImpl pooled thread 1067] INFO  c.b.l.BrowserStackRunExtension - testng
05:06:23.522 [ApplicationImpl pooled thread 1067] INFO  com.browserstack.utils.Helpers - null
05:06:23.523 [ApplicationImpl pooled thread 1067] INFO  c.b.l.BrowserStackRunExtension - Agent path: null
