2024-10-18 12:32:54 DEBUG - Got browser profile options from settings file: 
{disable-popup-blocking=true, profile.default_content_settings.popups=0, download.prompt_for_download=false, intl.accept_languages=en, safebrowsing.enabled=true, download.default_directory=./downloads}
2024-10-18 12:32:54 DEBUG - Got browser logging preferences from settings file: 
{Performance=All}
2024-10-18 12:32:58 DEBUG - Set '15' timeout in seconds for loading of pages
2024-10-18 12:32:58 DEBUG - Set async javascript execution timeout '10' in seconds
2024-10-18 12:32:58 INFO  - Browser 'CHROME' ready...
2024-10-18 12:32:59 INFO  - Navigate to url - 'https:////dev.app.nuport.io/login'
2024-10-18 12:33:03 INFO  - Maximizing browser window
2024-10-18 12:33:03 DEBUG - Set implicit timeout '5' in seconds
2024-10-18 12:33:03 DEBUG - Set implicit timeout '0' in seconds
2024-10-18 12:33:04 INFO  - Text Field 'Email Field' :: Clearing
2024-10-18 12:33:04 INFO  - Text Field 'Email Field' :: Typing 'mosaddik@steeltech-bd.com'
2024-10-18 12:33:04 INFO  - Text Field 'Password Field' :: Sending keys 'steeltech123'
2024-10-18 12:33:04 INFO  - Button 'Login Button' :: Clicking
2024-10-18 12:33:05 INFO  - Label 'Nuport Mainpage' :: Waiting for element to be displayed
2024-10-18 12:33:08 INFO  - Closing browser
2024-10-18 12:50:35 DEBUG - Got browser profile options from settings file: 
{disable-popup-blocking=true, profile.default_content_settings.popups=0, download.prompt_for_download=false, intl.accept_languages=en, safebrowsing.enabled=true, download.default_directory=./downloads}
2024-10-18 12:50:35 DEBUG - Got browser logging preferences from settings file: 
{Performance=All}
2024-10-18 12:50:39 DEBUG - Set '15' timeout in seconds for loading of pages
2024-10-18 12:50:39 DEBUG - Set async javascript execution timeout '10' in seconds
2024-10-18 12:50:39 INFO  - Browser 'CHROME' ready...
2024-10-18 12:50:39 INFO  - Navigate to url - 'https:////dev.app.nuport.io/login'
2024-10-18 12:50:43 INFO  - Maximizing browser window
2024-10-18 12:50:43 DEBUG - Set implicit timeout '5' in seconds
2024-10-18 12:50:44 DEBUG - Set implicit timeout '0' in seconds
2024-10-18 12:50:44 INFO  - Text Field 'Email Field' :: Clearing
2024-10-18 12:50:44 INFO  - Text Field 'Email Field' :: Typing 'mosaddik@steeltech-bd.com'
2024-10-18 12:50:45 INFO  - Text Field 'Password Field' :: Sending keys 'steeltech123'
2024-10-18 12:50:45 INFO  - Button 'Login Button' :: Clicking
2024-10-18 12:50:45 INFO  - Label 'Nuport Mainpage' :: Waiting for element to be displayed
2024-10-18 12:50:48 INFO  - Closing browser
2024-10-18 12:56:03 DEBUG - Got browser profile options from settings file: 
{disable-popup-blocking=true, profile.default_content_settings.popups=0, download.prompt_for_download=false, intl.accept_languages=en, safebrowsing.enabled=true, download.default_directory=./downloads}
2024-10-18 12:56:03 DEBUG - Got browser logging preferences from settings file: 
{Performance=All}
2024-10-18 12:56:06 DEBUG - Set '15' timeout in seconds for loading of pages
2024-10-18 12:56:06 DEBUG - Set async javascript execution timeout '10' in seconds
2024-10-18 12:56:06 INFO  - Browser 'CHROME' ready...
2024-10-18 12:56:07 INFO  - Navigate to url - 'https:////dev.app.nuport.io/login'
2024-10-18 12:56:11 INFO  - Maximizing browser window
2024-10-18 12:56:11 DEBUG - Set implicit timeout '5' in seconds
2024-10-18 12:56:11 DEBUG - Set implicit timeout '0' in seconds
2024-10-18 12:56:11 INFO  - Text Field 'Email Field' :: Clearing
2024-10-18 12:56:11 INFO  - Text Field 'Email Field' :: Typing 'mosaddik@steeltech-bd.com'
2024-10-18 12:56:12 INFO  - Text Field 'Password Field' :: Sending keys 'steeltech123'
2024-10-18 12:56:12 INFO  - Button 'Login Button' :: Clicking
2024-10-18 12:56:12 INFO  - Label 'Nuport Mainpage' :: Waiting for element to be displayed
2024-10-18 12:56:15 INFO  - Closing browser
2024-10-18 12:58:10 DEBUG - Got browser profile options from settings file: 
{disable-popup-blocking=true, profile.default_content_settings.popups=0, download.prompt_for_download=false, intl.accept_languages=en, safebrowsing.enabled=true, download.default_directory=./downloads}
2024-10-18 12:58:11 DEBUG - Got browser logging preferences from settings file: 
{Performance=All}
2024-10-18 12:58:14 DEBUG - Set '15' timeout in seconds for loading of pages
2024-10-18 12:58:14 DEBUG - Set async javascript execution timeout '10' in seconds
2024-10-18 12:58:14 INFO  - Browser 'CHROME' ready...
2024-10-18 12:58:14 INFO  - Navigate to url - 'https:////dev.app.nuport.io/login'
2024-10-18 12:58:18 INFO  - Maximizing browser window
2024-10-18 12:58:18 DEBUG - Set implicit timeout '5' in seconds
2024-10-18 12:58:19 DEBUG - Set implicit timeout '0' in seconds
2024-10-18 12:58:19 INFO  - Text Field 'Email Field' :: Clearing
2024-10-18 12:58:19 INFO  - Text Field 'Email Field' :: Typing 'mosaddik@steeltech-bd.com'
2024-10-18 12:58:20 INFO  - Text Field 'Password Field' :: Sending keys 'steeltech123'
2024-10-18 12:58:20 INFO  - Button 'Login Button' :: Clicking
2024-10-18 12:58:20 INFO  - Label 'Nuport Mainpage' :: Waiting for element to be displayed
2024-10-18 12:58:23 INFO  - Closing browser
2024-10-18 13:00:28 DEBUG - Got browser profile options from settings file: 
{disable-popup-blocking=true, profile.default_content_settings.popups=0, download.prompt_for_download=false, intl.accept_languages=en, safebrowsing.enabled=true, download.default_directory=./downloads}
2024-10-18 13:00:28 DEBUG - Got browser logging preferences from settings file: 
{Performance=All}
2024-10-18 13:00:31 DEBUG - Set '15' timeout in seconds for loading of pages
2024-10-18 13:00:31 DEBUG - Set async javascript execution timeout '10' in seconds
2024-10-18 13:00:31 INFO  - Browser 'CHROME' ready...
2024-10-18 13:00:31 INFO  - Navigate to url - 'https:////dev.app.nuport.io/login'
2024-10-18 13:00:35 INFO  - Maximizing browser window
2024-10-18 13:00:35 DEBUG - Set implicit timeout '5' in seconds
2024-10-18 13:00:35 DEBUG - Set implicit timeout '0' in seconds
2024-10-18 13:00:35 INFO  - Text Field 'Email Field' :: Clearing
2024-10-18 13:00:35 INFO  - Text Field 'Email Field' :: Typing 'mosaddik@steeltech-bd.com'
2024-10-18 13:00:36 INFO  - Text Field 'Password Field' :: Sending keys 'steeltech123'
2024-10-18 13:00:36 INFO  - Button 'Login Button' :: Clicking
2024-10-18 13:00:36 INFO  - Label 'Nuport Mainpage' :: Waiting for element to be displayed
2024-10-18 13:00:39 INFO  - Closing browser
